# JRE version: Java(TM) SE Runtime Environment 18.9 (11.0.8+10) (build 11.0.8+10-LTS)
# Java VM: Java HotSpot(TM) 64-Bit Server VM 18.9 (11.0.8+10-LTS, mixed mode, tiered, compressed oops, g1 gc, windows-amd64)
Heap:
 garbage-first heap   total 624640K, used 48681K [0x000000042e000000, 0x0000000628e00000)
  region size 2048K, 23 young (47104K), 22 survivors (45056K)
 Metaspace       used 51945K, capacity 53524K, committed 53760K, reserved 1095680K
  class space    used 5927K, capacity 6573K, committed 6656K, reserved 1048576K
GC Heap History (10 events):
Event: 1.366 GC heap before
{Heap before GC invocations=3 (full 0):
 garbage-first heap   total 520192K, used 99778K [0x000000042e000000, 0x0000000628e00000)
  region size 2048K, 49 young (100352K), 5 survivors (10240K)
 Metaspace       used 27819K, capacity 28681K, committed 28800K, reserved 1075200K
  class space    used 3291K, capacity 3632K, committed 3712K, reserved 1048576K
}
Event: 1.370 GC heap after
{Heap after GC invocations=4 (full 0):
 garbage-first heap   total 520192K, used 12254K [0x000000042e000000, 0x0000000628e00000)
  region size 2048K, 4 young (8192K), 4 survivors (8192K)
 Metaspace       used 27819K, capacity 28681K, committed 28800K, reserved 1075200K
  class space    used 3291K, capacity 3632K, committed 3712K, reserved 1048576K
}
Event: 1.798 GC heap before
{Heap before GC invocations=4 (full 0):
 garbage-first heap   total 520192K, used 165854K [0x000000042e000000, 0x0000000628e00000)
  region size 2048K, 79 young (161792K), 4 survivors (8192K)
 Metaspace       used 34148K, capacity 35084K, committed 35328K, reserved 1081344K
  class space    used 3980K, capacity 4330K, committed 4352K, reserved 1048576K
}
Event: 1.802 GC heap after
{Heap after GC invocations=5 (full 0):
 garbage-first heap   total 520192K, used 16021K [0x000000042e000000, 0x0000000628e00000)
  region size 2048K, 6 young (12288K), 6 survivors (12288K)
 Metaspace       used 34148K, capacity 35084K, committed 35328K, reserved 1081344K
  class space    used 3980K, capacity 4330K, committed 4352K, reserved 1048576K
}
Event: 1.877 GC heap before
{Heap before GC invocations=5 (full 0):
 garbage-first heap   total 520192K, used 278165K [0x000000042e000000, 0x0000000628e00000)
  region size 2048K, 134 young (274432K), 6 survivors (12288K)
 Metaspace       used 34517K, capacity 35408K, committed 35584K, reserved 1081344K
  class space    used 3982K, capacity 4332K, committed 4352K, reserved 1048576K
}
Event: 1.881 GC heap after
{Heap after GC invocations=6 (full 0):
 garbage-first heap   total 520192K, used 22555K [0x000000042e000000, 0x0000000628e00000)
  region size 2048K, 9 young (18432K), 9 survivors (18432K)
 Metaspace       used 34517K, capacity 35408K, committed 35584K, reserved 1081344K
  class space    used 3982K, capacity 4332K, committed 4352K, reserved 1048576K
}
Event: 1.903 GC heap before
{Heap before GC invocations=6 (full 0):
 garbage-first heap   total 520192K, used 114715K [0x000000042e000000, 0x0000000628e00000)
  region size 2048K, 55 young (112640K), 9 survivors (18432K)
 Metaspace       used 34821K, capacity 35697K, committed 35840K, reserved 1081344K
  class space    used 3991K, capacity 4343K, committed 4352K, reserved 1048576K
}
Event: 1.909 GC heap after
{Heap after GC invocations=7 (full 0):
 garbage-first heap   total 624640K, used 24815K [0x000000042e000000, 0x0000000628e00000)
  region size 2048K, 10 young (20480K), 10 survivors (20480K)
 Metaspace       used 34821K, capacity 35697K, committed 35840K, reserved 1081344K
  class space    used 3991K, capacity 4343K, committed 4352K, reserved 1048576K
}
Event: 4.281 GC heap before
{Heap before GC invocations=8 (full 0):
 garbage-first heap   total 624640K, used 379119K [0x000000042e000000, 0x0000000628e00000)
  region size 2048K, 183 young (374784K), 10 survivors (20480K)
 Metaspace       used 51851K, capacity 53346K, committed 53504K, reserved 1095680K
  class space    used 5920K, capacity 6535K, committed 6656K, reserved 1048576K
}
Event: 4.295 GC heap after
{Heap after GC invocations=9 (full 0):
 garbage-first heap   total 624640K, used 48681K [0x000000042e000000, 0x0000000628e00000)
  region size 2048K, 22 young (45056K), 22 survivors (45056K)
 Metaspace       used 51851K, capacity 53346K, committed 53504K, reserved 1095680K
  class space    used 5920K, capacity 6535K, committed 6656K, reserved 1048576K
}

